0 info it worked if it ends with ok
1 verbose cli [ 'node', '/usr/local/bin/npm', 'version', 'minor' ]
2 info using npm@2.12.1
3 info using node@v0.10.35
4 info preversion romaindr-stylus-utils@2.1.0
5 info git [ 'status', '--porcelain' ]
6 verbose stack Error: Error: Git working directory not clean.
6 verbose stack M index.styl
6 verbose stack     at /usr/local/lib/node_modules/npm/lib/version.js:71:23
6 verbose stack     at /usr/local/lib/node_modules/npm/lib/version.js:151:34
6 verbose stack     at ChildProcess.exithandler (child_process.js:656:7)
6 verbose stack     at ChildProcess.emit (events.js:98:17)
6 verbose stack     at maybeClose (child_process.js:766:16)
6 verbose stack     at Socket.<anonymous> (child_process.js:979:11)
6 verbose stack     at Socket.emit (events.js:95:17)
6 verbose stack     at Pipe.close (net.js:466:12)
7 verbose cwd /Users/romainavalle/work/npm/romaindr-stylus-utils
8 error Darwin 14.4.0
9 error argv "node" "/usr/local/bin/npm" "version" "minor"
10 error node v0.10.35
11 error npm  v2.12.1
12 error Error: Git working directory not clean.
12 error M index.styl
13 error If you need help, you may report this error at:
13 error     <https://github.com/npm/npm/issues>
14 verbose exit [ 1, true ]
